C51 COMPILER V9.60.0.0   MAIN                                                              12/25/2020 15:51:37 PAGE 1   


C51 COMPILER V9.60.0.0, COMPILATION OF MODULE MAIN
OBJECT MODULE PLACED IN .\Objects\main.obj
COMPILER INVOKED BY: C:\Keil_v5\C51\BIN\C51.EXE main.c OPTIMIZE(8,SPEED) BROWSE DEBUG OBJECTEXTEND PRINT(.\Listings\main
                    -.lst) OBJECT(.\Objects\main.obj)

line level    source

   1          #include "STC89C5xRC.H"
   2          #include "max7219.h"
   3          #include "delay.h"
   4          
   5          extern unsigned char code dispCode[38][8];
   6          void Timer0Init(void);
   7          unsigned char leftShift = 0;
   8          extern unsigned char leftCode;
   9                  
  10          void main()
  11          {
  12   1              unsigned char i = 0;
  13   1              max7219Init();
  14   1              Timer0Init();
  15   1              while(1)
  16   1              {
  17   2      //              max7219Disp(dispCode[1]);
  18   2      //              delayXms(2000);
  19   2      //              i++;
  20   2      //              i %= 38;
  21   2                      
  22   2                      if(leftShift)
  23   2                      {
  24   3                              leftShift = 0;
  25   3                              max7219Left(dispCode[leftCode], dispCode[leftCode+1]);
  26   3                      }
  27   2              }
  28   1      }
  29          
  30          void Timer0Init(void)           //10毫秒@12.000MHz
  31          {
  32   1      //      AUXR &= 0x7F;           //定时器时钟12T模式
  33   1              TMOD &= 0xF0;           //设置定时器模式
  34   1              TMOD |= 0x01;           //设置定时器模式
  35   1              TL0 = 0xF0;             //设置定时初值
  36   1              TH0 = 0xD8;             //设置定时初值
  37   1              TF0 = 0;                //清除TF0标志
  38   1              
  39   1              ET0 = 1;  //定时计数器1溢出中断允许控制位
  40   1              EA = 1;
  41   1              TR0 = 1;                //定时器0开始计时
  42   1      }
  43          
  44          
  45          void timer0_ISR(void) interrupt 1 //interrupt 1为T0中断
  46          {
  47   1              static unsigned char a = 0;
  48   1              TL0 = 0xF0;             //设置定时初值
  49   1              TH0 = 0xD8;             //设置定时初值  
  50   1      
  51   1              if (++a == 10)
  52   1              {
  53   2                      a= 0;
  54   2                      leftShift = 1;          
C51 COMPILER V9.60.0.0   MAIN                                                              12/25/2020 15:51:37 PAGE 2   

  55   2              }
  56   1      }


MODULE INFORMATION:   STATIC OVERLAYABLE
   CODE SIZE        =    105    ----
   CONSTANT SIZE    =   ----    ----
   XDATA SIZE       =   ----    ----
   PDATA SIZE       =   ----    ----
   DATA SIZE        =      2       1
   IDATA SIZE       =   ----    ----
   BIT SIZE         =   ----    ----
END OF MODULE INFORMATION.


C51 COMPILATION COMPLETE.  0 WARNING(S),  0 ERROR(S)
