C51 COMPILER V9.60.0.0   MAX7219                                                           12/25/2020 15:51:38 PAGE 1   


C51 COMPILER V9.60.0.0, COMPILATION OF MODULE MAX7219
OBJECT MODULE PLACED IN .\Objects\max7219.obj
COMPILER INVOKED BY: C:\Keil_v5\C51\BIN\C51.EXE max7219.c OPTIMIZE(8,SPEED) BROWSE DEBUG OBJECTEXTEND PRINT(.\Listings\m
                    -ax7219.lst) OBJECT(.\Objects\max7219.obj)

line level    source

   1          #include "max7219.h"
   2          #include "STC89C5xRC.H"
   3          
   4          sbit clk = P2^0;
   5          sbit cs = P2^1;
   6          sbit din = P2^2;
   7          
   8          unsigned char leftShiftStartPoint = 8;//移动开始位[0,16]
   9          unsigned char leftShiftCurrentPoint = 8;//移动当前位
  10          unsigned char leftShiftEndPoint = 16;//移动结束位的下一位[2,17]
  11          unsigned char leftCode = 0;
  12          
  13          unsigned char code dispCode[38][8]={
  14          {0x3C,0x42,0x46,0x4A,0x52,0x62,0x42,0x3C},//0
  15          {0x08,0x18,0x08,0x08,0x08,0x08,0x08,0x1C},//1
  16          {0x3C,0x42,0x02,0x04,0x08,0x10,0x20,0x7E},//2
  17          {0x3C,0x42,0x02,0x1C,0x02,0x02,0x42,0x3C},//3
  18          {0x04,0x0C,0x14,0x24,0x44,0x7E,0x04,0x04},//4
  19          {0x7E,0x40,0x40,0x7C,0x02,0x02,0x42,0x3C},//5
  20          {0x3C,0x42,0x40,0x7C,0x42,0x42,0x42,0x3C},//6
  21          {0x7E,0x42,0x02,0x04,0x08,0x10,0x10,0x10},//7
  22          {0x3C,0x42,0x42,0x3C,0x42,0x42,0x42,0x3C},//8
  23          {0x3C,0x42,0x42,0x3C,0x02,0x02,0x42,0x3C},//9
  24          {0x18,0x18,0x24,0x24,0x42,0x7E,0x42,0x42},//A
  25          {0x7C,0x42,0x42,0x7C,0x42,0x42,0x42,0x7C},//B
  26          {0x1C,0x22,0x40,0x40,0x40,0x40,0x22,0x1C},//C
  27          {0x78,0x44,0x42,0x42,0x42,0x42,0x44,0x78},//D
  28          {0x7E,0x40,0x40,0x7C,0x40,0x40,0x40,0x7E},//E
  29          {0x7E,0x40,0x40,0x7C,0x40,0x40,0x40,0x40},//F
  30          {0x1C,0x22,0x40,0x40,0x4E,0x42,0x22,0x1C},//G
  31          {0x42,0x42,0x42,0x7E,0x42,0x42,0x42,0x42},//H
  32          {0x1C,0x08,0x08,0x08,0x08,0x08,0x08,0x1C},//I
  33          {0x3C,0x08,0x08,0x08,0x08,0x08,0x48,0x30},//J
  34          {0x44,0x48,0x50,0x60,0x60,0x50,0x48,0x44},//K
  35          {0x40,0x40,0x40,0x40,0x40,0x40,0x40,0x7C},//L
  36          {0x81,0xC3,0xA5,0x99,0x81,0x81,0x81,0x81},//M
  37          {0x0,0x42,0x62,0x52,0x4A,0x46,0x42,0x0},//N
  38          {0x3C,0x42,0x42,0x42,0x42,0x42,0x42,0x3C},//O
  39          {0x3C,0x22,0x22,0x22,0x3C,0x20,0x20,0x20},//P
  40          {0x1C,0x22,0x22,0x22,0x22,0x26,0x22,0x1D},//Q
  41          {0x3C,0x22,0x22,0x22,0x3C,0x24,0x22,0x21},//R
  42          {0x0,0x1E,0x20,0x20,0x3E,0x2,0x2,0x3C},//S
  43          {0x0,0x3E,0x8,0x8,0x8,0x8,0x8,0x8},//T
  44          {0x42,0x42,0x42,0x42,0x42,0x42,0x22,0x1C},//U
  45          {0x42,0x42,0x42,0x42,0x42,0x42,0x24,0x18},//V
  46          {0x0,0x49,0x49,0x49,0x49,0x2A,0x1C,0x0},//W
  47          {0x0,0x41,0x22,0x14,0x8,0x14,0x22,0x41},//X
  48          {0x41,0x22,0x14,0x8,0x8,0x8,0x8,0x8},//Y
  49          {0x0,0x7F,0x2,0x4,0x8,0x10,0x20,0x7F},//Z
  50          {0x8,0x7F,0x49,0x49,0x7F,0x8,0x8,0x8},//中
  51          {0xFE,0xBA,0x92,0xBA,0x92,0x9A,0xBA,0xFE},//国
  52          };
  53          
  54          //
C51 COMPILER V9.60.0.0   MAX7219                                                           12/25/2020 15:51:38 PAGE 2   

  55          void spiWrite(Max7219_addr_code addr, unsigned char dat)
  56          {
  57   1              unsigned char i = 0;
  58   1              cs = 1;
  59   1              clk = 0;
  60   1              cs = 0;
  61   1              for(; i < 8; i++)
  62   1              {
  63   2                      din = addr & 0x80;
  64   2                      clk = 1;
  65   2                      clk = 0;
  66   2                      addr <<= 1;
  67   2              }
  68   1              for(i = 0; i < 8; i++)
  69   1              {
  70   2                      din = dat & 0x80;
  71   2                      clk = 1;
  72   2                      clk = 0;
  73   2                      dat <<= 1;
  74   2              }
  75   1              cs = 1;
  76   1      }
  77          
  78          void max7219Disp(unsigned char * buf)
  79          {
  80   1              unsigned char i = 0;
  81   1              for(; i<8; i++)
  82   1              {
  83   2                      spiWrite((Max7219_Digit_0 + i), buf[i]);
  84   2              }
  85   1      }
  86          
  87          void max7219Left(unsigned char * buf1, unsigned char * buf2)
  88          {
  89   1              unsigned char i = 0;
  90   1              unsigned char tempBuf[8];
  91   1              if(leftShiftCurrentPoint <= 8)
  92   1              {
  93   2                      for(i = 0; i < 8; i++)
  94   2                      {
  95   3                              tempBuf[i] = buf1[i]>>(8 - leftShiftCurrentPoint);
  96   3                      }
  97   2              }
  98   1              else
  99   1              {
 100   2                      for(i = 0; i < 8; i++)
 101   2                      {
 102   3                              tempBuf[i] = buf1[i]<<(leftShiftCurrentPoint - 8);
 103   3                              tempBuf[i] |= buf2[i]>>(16 - leftShiftCurrentPoint);
 104   3                      }
 105   2              }
 106   1      
 107   1              leftShiftCurrentPoint++;
 108   1              if(leftShiftCurrentPoint == leftShiftEndPoint)
 109   1              {
 110   2                      leftShiftCurrentPoint = leftShiftStartPoint;
 111   2                      if(++leftCode == 10)
 112   2                      {
 113   3                              leftCode = 0;
 114   3                      }
 115   2              }
 116   1              max7219Disp(tempBuf);
C51 COMPILER V9.60.0.0   MAX7219                                                           12/25/2020 15:51:38 PAGE 3   

 117   1      }
 118          
 119          void max7219Init()
 120          {
 121   1              //设置扫描位
 122   1              spiWrite(Max7219_Scan_Limit, 0x57);//8wei
 123   1              //设置亮度
 124   1              spiWrite(Max7219_Intensity, 0x50);//0x50->0x5F 暗->亮
 125   1              //设置译码模式
 126   1              spiWrite(Max7219_Decode_Mode, 0x00);//不译码
 127   1              //设置初始显示内容
 128   1              max7219Disp(dispCode[0]);
 129   1              //打开显示
 130   1              spiWrite(Max7219_Shutdown, 0x01);//0x00为关闭
 131   1      }


MODULE INFORMATION:   STATIC OVERLAYABLE
   CODE SIZE        =    338    ----
   CONSTANT SIZE    =    304    ----
   XDATA SIZE       =   ----    ----
   PDATA SIZE       =   ----    ----
   DATA SIZE        =      4      17
   IDATA SIZE       =   ----    ----
   BIT SIZE         =   ----    ----
END OF MODULE INFORMATION.


C51 COMPILATION COMPLETE.  0 WARNING(S),  0 ERROR(S)
